New log file opened at Mon Jun 01 21:28:55 EDT 2015 by 34735@Georges-MacBook-Pro.local
Taking next connection to: 60017
New client attempting to connect on port: 60018-60017
  Address = /192.168.2.13:60017
This client on port 60018 has uuid 8eae3b03-6d9a-4270-9c0b-d1f57c395bd0 configName activator humanReadableName Activator protocolVersion 1 featureTags Vector()
Connected Clients: activator-8eae3b03-6d9a-4270-9c0b-d1f57c395bd0
Taking next connection to: 60017
Checking to see if clients are empty...
We have 1 non-daemon clients, continuing serving connections.
Taking next connection to: 60017
Checking to see if clients are empty...
We have 1 non-daemon clients, continuing serving connections.
Taking next connection to: 60017
Checking to see if clients are empty...
We have 1 non-daemon clients, continuing serving connections.
Taking next connection to: 60017
Checking to see if clients are empty...
We have 1 non-daemon clients, continuing serving connections.
Taking next connection to: 60017
Checking to see if clients are empty...
We have 1 non-daemon clients, continuing serving connections.
Taking next connection to: 60017
Checking to see if clients are empty...
We have 1 non-daemon clients, continuing serving connections.
Taking next connection to: 60017
Checking to see if clients are empty...
We have 1 non-daemon clients, continuing serving connections.
Taking next connection to: 60017
Checking to see if clients are empty...
We have 1 non-daemon clients, continuing serving connections.
Taking next connection to: 60017
Checking to see if clients are empty...
We have 1 non-daemon clients, continuing serving connections.
Taking next connection to: 60017
Checking to see if clients are empty...
No non-daemon clients connected after 3 min. Shutting down.
Server socket thread exiting.
0 clients open, will close them...
All client sockets have been closed.
Closing the 34735@Georges-MacBook-Pro.local logs at Mon Jun 01 22:01:42 EDT 2015, goodbye.
